C51 COMPILER V9.53.0.0   A                                                                 10/25/2014 01:12:51 PAGE 1   


C51 COMPILER V9.53.0.0, COMPILATION OF MODULE A
OBJECT MODULE PLACED IN E:\C\cf\275\A.OBJ
COMPILER INVOKED BY: D:\Keil_v5\C51\BIN\C51.exe E:\C\cf\275\A.cpp

line level    source

   1          #include <cstdio>
*** WARNING C318 IN LINE 1 OF E:\C\cf\275\A.cpp: can't open file 'cstdio'
   2          
   3          int main()
   4          {
   5   1              int l, r;
   6   1              scanf("%d %d", &l, &r);
*** WARNING C206 IN LINE 6 OF E:\C\cf\275\A.cpp: 'scanf': missing function-prototype
*** ERROR C267 IN LINE 6 OF E:\C\cf\275\A.cpp: 'scanf': requires ANSI-style prototype
   7   1              if (r - l <= 1)
   8   1              {
   9   2                      printf("%d\n", -1);
  10   2              }
  11   1              else
  12   1              {
  13   2                      if (l % 2)
  14   2                      {
  15   3                              if (l == 1 || r - l >= 3)
  16   3                              {
  17   4                                      printf("%d %d %d\n", r - 2, r - 1, r);
  18   4                              }
  19   3                              else
  20   3                              {
  21   4                                      printf("-1\n");
  22   4                              }
  23   3                      }
  24   2                      else
  25   2                      {
  26   3                              printf("%d %d %d\n", l, l + 1, l + 2);
  27   3                      }
  28   2              }
  29   1              return 0;
  30   1      }

C51 COMPILATION COMPLETE.  2 WARNING(S),  1 ERROR(S)
